<?xml version="1.0" encoding="UTF-8"?>
<!-- Generated by org.testng.reporters.JUnitReportReporter -->
<testsuite name="com.qmetry.qaf.automation.step.client.Scenario" tests="1" time="27.980" ignored="0" failures="0" timestamp="28 Dec 2017 10:19:36 GMT" skipped="0" hostname="ICPL12425" errors="0">
  <testcase name="FlipKartOrderVerification" time="27.980" classname="com.qmetry.qaf.automation.step.client.Scenario"/>
</testsuite> <!-- com.qmetry.qaf.automation.step.client.Scenario -->
