<?xml version="1.0" encoding="UTF-8"?>
<!-- Generated by org.testng.reporters.JUnitReportReporter -->
<testsuite name="com.qmetry.qaf.automation.step.client.DataDrivenScenario" tests="1" time="0.213" ignored="1" failures="0" timestamp="27 Dec 2017 07:14:47 GMT" skipped="1" hostname="ICPL12425" errors="0">
  <testcase name="Order Verification" time="0.213" classname="com.qmetry.qaf.automation.step.client.DataDrivenScenario">
    <skipped/>
  </testcase> <!-- Order Verification -->
  <testcase name="Order Verification" classname="com.qmetry.qaf.automation.step.client.DataDrivenScenario">
    <skipped/>
  </testcase> <!-- Order Verification -->
</testsuite> <!-- com.qmetry.qaf.automation.step.client.DataDrivenScenario -->
