<?xml version="1.0" encoding="UTF-8"?>
<!-- Generated by org.testng.reporters.JUnitReportReporter -->
<testsuite name="com.flipkartwebautomation.steps.FlipkartProductSteps" tests="1" time="28.163" ignored="0" failures="0" timestamp="28 Dec 2017 05:55:46 GMT" skipped="0" hostname="ICPL12425" errors="0">
  <testcase name="checkTestOderFlow" time="28.163" classname="com.flipkartwebautomation.steps.FlipkartProductSteps"/>
</testsuite> <!-- com.flipkartwebautomation.steps.FlipkartProductSteps -->
